;  LST file generated by mikroListExporter - v.2.0 
; Date/Time: 7/29/2024 1:20:17 PM
;----------------------------------------------

;Address Opcode 	ASM
0x0000	0x2993      	GOTO       403
_manualMode:
;MyProject.c,105 :: 		void manualMode()
;MyProject.c,107 :: 		westSeg = southSeg = 1 ;
0x0003	0x1283      	BCF        STATUS, 5
0x0004	0x1303      	BCF        STATUS, 6
0x0005	0x1488      	BSF        PORTD, 1
0x0006	0x1888      	BTFSC      PORTD, 1
0x0007	0x280A      	GOTO       L__manualMode55
0x0008	0x1008      	BCF        PORTD, 0
0x0009	0x280B      	GOTO       L__manualMode56
L__manualMode55:
0x000A	0x1408      	BSF        PORTD, 0
L__manualMode56:
;MyProject.c,108 :: 		if(greenSouth == 1)
0x000B	0x1D87      	BTFSS      PORTC, 3
0x000C	0x284A      	GOTO       L_manualMode23
;MyProject.c,110 :: 		greenSouth = 0 ;
0x000D	0x1187      	BCF        PORTC, 3
;MyProject.c,111 :: 		yellowSouth = 1 ;
0x000E	0x1607      	BSF        PORTC, 4
;MyProject.c,112 :: 		counter = 3 ;
0x000F	0x3003      	MOVLW      3
0x0010	0x00B6      	MOVWF      _counter
0x0011	0x3000      	MOVLW      0
0x0012	0x00B7      	MOVWF      _counter+1
;MyProject.c,113 :: 		while(counter>=0)
L_manualMode24:
0x0013	0x3080      	MOVLW      128
0x0014	0x0637      	XORWF      _counter+1, 0
0x0015	0x00F0      	MOVWF      R0
0x0016	0x3080      	MOVLW      128
0x0017	0x0270      	SUBWF      R0, 0
0x0018	0x1D03      	BTFSS      STATUS, 2
0x0019	0x281C      	GOTO       L__manualMode57
0x001A	0x3000      	MOVLW      0
0x001B	0x0236      	SUBWF      _counter, 0
L__manualMode57:
0x001C	0x1C03      	BTFSS      STATUS, 0
0x001D	0x283D      	GOTO       L_manualMode25
;MyProject.c,115 :: 		portb = display[counter-1];
0x001E	0x3001      	MOVLW      1
0x001F	0x0236      	SUBWF      _counter, 0
0x0020	0x00F0      	MOVWF      R0
0x0021	0x3000      	MOVLW      0
0x0022	0x1C03      	BTFSS      STATUS, 0
0x0023	0x3E01      	ADDLW      1
0x0024	0x0237      	SUBWF      _counter+1, 0
0x0025	0x00F1      	MOVWF      R0+1
0x0026	0x0870      	MOVF       R0, 0
0x0027	0x3E20      	ADDLW      _display
0x0028	0x0084      	MOVWF      FSR
0x0029	0x0800      	MOVF       INDF, 0
0x002A	0x0086      	MOVWF      PORTB
;MyProject.c,116 :: 		delay_ms(350);
0x002B	0x3004      	MOVLW      4
0x002C	0x00FB      	MOVWF      R11
0x002D	0x308E      	MOVLW      142
0x002E	0x00FC      	MOVWF      R12
0x002F	0x3012      	MOVLW      18
0x0030	0x00FD      	MOVWF      R13
L_manualMode26:
0x0031	0x0BFD      	DECFSZ     R13, 1
0x0032	0x2831      	GOTO       L_manualMode26
0x0033	0x0BFC      	DECFSZ     R12, 1
0x0034	0x2831      	GOTO       L_manualMode26
0x0035	0x0BFB      	DECFSZ     R11, 1
0x0036	0x2831      	GOTO       L_manualMode26
0x0037	0x0000      	NOP
;MyProject.c,117 :: 		counter--;
0x0038	0x3001      	MOVLW      1
0x0039	0x02B6      	SUBWF      _counter, 1
0x003A	0x1C03      	BTFSS      STATUS, 0
0x003B	0x03B7      	DECF       _counter+1, 1
;MyProject.c,118 :: 		}
0x003C	0x2813      	GOTO       L_manualMode24
L_manualMode25:
;MyProject.c,119 :: 		greenWest = redSouth = 1 ;
0x003D	0x1687      	BSF        PORTC, 5
0x003E	0x1A87      	BTFSC      PORTC, 5
0x003F	0x2842      	GOTO       L__manualMode58
0x0040	0x1107      	BCF        PORTC, 2
0x0041	0x2843      	GOTO       L__manualMode59
L__manualMode58:
0x0042	0x1507      	BSF        PORTC, 2
L__manualMode59:
;MyProject.c,120 :: 		yellowSouth = redWest = 0 ;
0x0043	0x1007      	BCF        PORTC, 0
0x0044	0x1807      	BTFSC      PORTC, 0
0x0045	0x2848      	GOTO       L__manualMode60
0x0046	0x1207      	BCF        PORTC, 4
0x0047	0x2849      	GOTO       L__manualMode61
L__manualMode60:
0x0048	0x1607      	BSF        PORTC, 4
L__manualMode61:
;MyProject.c,121 :: 		}
0x0049	0x2888      	GOTO       L_manualMode27
L_manualMode23:
;MyProject.c,122 :: 		else if(manualFlag == 0)
0x004A	0x1885      	BTFSC      PORTA, 1
0x004B	0x2888      	GOTO       L_manualMode28
;MyProject.c,124 :: 		yellowWest = 1 ;
0x004C	0x1487      	BSF        PORTC, 1
;MyProject.c,125 :: 		greenWest = 0 ;
0x004D	0x1107      	BCF        PORTC, 2
;MyProject.c,126 :: 		counter = 3 ;
0x004E	0x3003      	MOVLW      3
0x004F	0x00B6      	MOVWF      _counter
0x0050	0x3000      	MOVLW      0
0x0051	0x00B7      	MOVWF      _counter+1
;MyProject.c,127 :: 		while(counter >= 0)
L_manualMode29:
0x0052	0x3080      	MOVLW      128
0x0053	0x0637      	XORWF      _counter+1, 0
0x0054	0x00F0      	MOVWF      R0
0x0055	0x3080      	MOVLW      128
0x0056	0x0270      	SUBWF      R0, 0
0x0057	0x1D03      	BTFSS      STATUS, 2
0x0058	0x285B      	GOTO       L__manualMode62
0x0059	0x3000      	MOVLW      0
0x005A	0x0236      	SUBWF      _counter, 0
L__manualMode62:
0x005B	0x1C03      	BTFSS      STATUS, 0
0x005C	0x287C      	GOTO       L_manualMode30
;MyProject.c,129 :: 		portb = display[counter-1];
0x005D	0x3001      	MOVLW      1
0x005E	0x0236      	SUBWF      _counter, 0
0x005F	0x00F0      	MOVWF      R0
0x0060	0x3000      	MOVLW      0
0x0061	0x1C03      	BTFSS      STATUS, 0
0x0062	0x3E01      	ADDLW      1
0x0063	0x0237      	SUBWF      _counter+1, 0
0x0064	0x00F1      	MOVWF      R0+1
0x0065	0x0870      	MOVF       R0, 0
0x0066	0x3E20      	ADDLW      _display
0x0067	0x0084      	MOVWF      FSR
0x0068	0x0800      	MOVF       INDF, 0
0x0069	0x0086      	MOVWF      PORTB
;MyProject.c,130 :: 		delay_ms(350);
0x006A	0x3004      	MOVLW      4
0x006B	0x00FB      	MOVWF      R11
0x006C	0x308E      	MOVLW      142
0x006D	0x00FC      	MOVWF      R12
0x006E	0x3012      	MOVLW      18
0x006F	0x00FD      	MOVWF      R13
L_manualMode31:
0x0070	0x0BFD      	DECFSZ     R13, 1
0x0071	0x2870      	GOTO       L_manualMode31
0x0072	0x0BFC      	DECFSZ     R12, 1
0x0073	0x2870      	GOTO       L_manualMode31
0x0074	0x0BFB      	DECFSZ     R11, 1
0x0075	0x2870      	GOTO       L_manualMode31
0x0076	0x0000      	NOP
;MyProject.c,131 :: 		counter--;
0x0077	0x3001      	MOVLW      1
0x0078	0x02B6      	SUBWF      _counter, 1
0x0079	0x1C03      	BTFSS      STATUS, 0
0x007A	0x03B7      	DECF       _counter+1, 1
;MyProject.c,132 :: 		}
0x007B	0x2852      	GOTO       L_manualMode29
L_manualMode30:
;MyProject.c,133 :: 		yellowWest = redSouth = 0 ;
0x007C	0x1287      	BCF        PORTC, 5
0x007D	0x1A87      	BTFSC      PORTC, 5
0x007E	0x2881      	GOTO       L__manualMode63
0x007F	0x1087      	BCF        PORTC, 1
0x0080	0x2882      	GOTO       L__manualMode64
L__manualMode63:
0x0081	0x1487      	BSF        PORTC, 1
L__manualMode64:
;MyProject.c,134 :: 		redWest = greenSouth = 1 ;
0x0082	0x1587      	BSF        PORTC, 3
0x0083	0x1987      	BTFSC      PORTC, 3
0x0084	0x2887      	GOTO       L__manualMode65
0x0085	0x1007      	BCF        PORTC, 0
0x0086	0x2888      	GOTO       L__manualMode66
L__manualMode65:
0x0087	0x1407      	BSF        PORTC, 0
L__manualMode66:
;MyProject.c,135 :: 		}
L_manualMode28:
L_manualMode27:
;MyProject.c,136 :: 		westSeg = southSeg = 0 ;
0x0088	0x1088      	BCF        PORTD, 1
0x0089	0x1888      	BTFSC      PORTD, 1
0x008A	0x288D      	GOTO       L__manualMode67
0x008B	0x1008      	BCF        PORTD, 0
0x008C	0x288E      	GOTO       L__manualMode68
L__manualMode67:
0x008D	0x1408      	BSF        PORTD, 0
L__manualMode68:
;MyProject.c,137 :: 		}
L_end_manualMode:
0x008E	0x0008      	RETURN
; end of _manualMode
_manualAutoCheck:
;MyProject.c,44 :: 		void manualAutoCheck()
;MyProject.c,46 :: 		westSeg = southSeg = 0 ;
0x008F	0x1283      	BCF        STATUS, 5
0x0090	0x1303      	BCF        STATUS, 6
0x0091	0x1088      	BCF        PORTD, 1
0x0092	0x1888      	BTFSC      PORTD, 1
0x0093	0x2896      	GOTO       L__manualAutoCheck37
0x0094	0x1008      	BCF        PORTD, 0
0x0095	0x2897      	GOTO       L__manualAutoCheck38
L__manualAutoCheck37:
0x0096	0x1408      	BSF        PORTD, 0
L__manualAutoCheck38:
;MyProject.c,47 :: 		if(manualFlag == 0 && autoFlag != 0 )
0x0097	0x1885      	BTFSC      PORTA, 1
0x0098	0x289D      	GOTO       L_manualAutoCheck7
0x0099	0x1C05      	BTFSS      PORTA, 0
0x009A	0x289D      	GOTO       L_manualAutoCheck7
L__manualAutoCheck32:
;MyProject.c,49 :: 		manualMode();
0x009B	0x2003      	CALL       _manualMode
;MyProject.c,50 :: 		}
0x009C	0x289E      	GOTO       L_manualAutoCheck8
L_manualAutoCheck7:
;MyProject.c,53 :: 		return ;
0x009D	0x289E      	GOTO       L_end_manualAutoCheck
;MyProject.c,54 :: 		}
L_manualAutoCheck8:
;MyProject.c,55 :: 		}
L_end_manualAutoCheck:
0x009E	0x0008      	RETURN
; end of _manualAutoCheck
_____DoICP:
;__Lib_System.c,6 :: 		
;__Lib_System.c,9 :: 		
0x009F	0x1283      	BCF        STATUS, 5
0x00A0	0x1303      	BCF        STATUS, 6
0x00A1	0x0835      	MOVF       ___DoICPAddr+1, 0
0x00A2	0x008A      	MOVWF      PCLATH
;__Lib_System.c,10 :: 		
0x00A3	0x0834      	MOVF       ___DoICPAddr, 0
0x00A4	0x0082      	MOVWF      PCL
;__Lib_System.c,12 :: 		
L_end_____DoICP:
0x00A5	0x0008      	RETURN
; end of _____DoICP
_automaticMode:
;MyProject.c,57 :: 		void automaticMode()
;MyProject.c,59 :: 		westSeg = southSeg = 1 ;
0x00A6	0x1283      	BCF        STATUS, 5
0x00A7	0x1303      	BCF        STATUS, 6
0x00A8	0x1488      	BSF        PORTD, 1
0x00A9	0x1888      	BTFSC      PORTD, 1
0x00AA	0x28AD      	GOTO       L__automaticMode40
0x00AB	0x1008      	BCF        PORTD, 0
0x00AC	0x28AE      	GOTO       L__automaticMode41
L__automaticMode40:
0x00AD	0x1408      	BSF        PORTD, 0
L__automaticMode41:
;MyProject.c,60 :: 		if(greenSouth == 1)
0x00AE	0x1D87      	BTFSS      PORTC, 3
0x00AF	0x291B      	GOTO       L_automaticMode9
;MyProject.c,62 :: 		counter = 12 ;
0x00B0	0x300C      	MOVLW      12
0x00B1	0x00B6      	MOVWF      _counter
0x00B2	0x3000      	MOVLW      0
0x00B3	0x00B7      	MOVWF      _counter+1
;MyProject.c,63 :: 		while(counter>=0)
L_automaticMode10:
0x00B4	0x3080      	MOVLW      128
0x00B5	0x0637      	XORWF      _counter+1, 0
0x00B6	0x00F0      	MOVWF      R0
0x00B7	0x3080      	MOVLW      128
0x00B8	0x0270      	SUBWF      R0, 0
0x00B9	0x1D03      	BTFSS      STATUS, 2
0x00BA	0x28BD      	GOTO       L__automaticMode42
0x00BB	0x3000      	MOVLW      0
0x00BC	0x0236      	SUBWF      _counter, 0
L__automaticMode42:
0x00BD	0x1C03      	BTFSS      STATUS, 0
0x00BE	0x28DE      	GOTO       L_automaticMode11
;MyProject.c,65 :: 		portb = display[counter-1];
0x00BF	0x3001      	MOVLW      1
0x00C0	0x0236      	SUBWF      _counter, 0
0x00C1	0x00F0      	MOVWF      R0
0x00C2	0x3000      	MOVLW      0
0x00C3	0x1C03      	BTFSS      STATUS, 0
0x00C4	0x3E01      	ADDLW      1
0x00C5	0x0237      	SUBWF      _counter+1, 0
0x00C6	0x00F1      	MOVWF      R0+1
0x00C7	0x0870      	MOVF       R0, 0
0x00C8	0x3E20      	ADDLW      _display
0x00C9	0x0084      	MOVWF      FSR
0x00CA	0x0800      	MOVF       INDF, 0
0x00CB	0x0086      	MOVWF      PORTB
;MyProject.c,66 :: 		delay_ms(350);
0x00CC	0x3004      	MOVLW      4
0x00CD	0x00FB      	MOVWF      R11
0x00CE	0x308E      	MOVLW      142
0x00CF	0x00FC      	MOVWF      R12
0x00D0	0x3012      	MOVLW      18
0x00D1	0x00FD      	MOVWF      R13
L_automaticMode12:
0x00D2	0x0BFD      	DECFSZ     R13, 1
0x00D3	0x28D2      	GOTO       L_automaticMode12
0x00D4	0x0BFC      	DECFSZ     R12, 1
0x00D5	0x28D2      	GOTO       L_automaticMode12
0x00D6	0x0BFB      	DECFSZ     R11, 1
0x00D7	0x28D2      	GOTO       L_automaticMode12
0x00D8	0x0000      	NOP
;MyProject.c,67 :: 		counter--;
0x00D9	0x3001      	MOVLW      1
0x00DA	0x02B6      	SUBWF      _counter, 1
0x00DB	0x1C03      	BTFSS      STATUS, 0
0x00DC	0x03B7      	DECF       _counter+1, 1
;MyProject.c,68 :: 		}
0x00DD	0x28B4      	GOTO       L_automaticMode10
L_automaticMode11:
;MyProject.c,69 :: 		greenSouth = 0 ;
0x00DE	0x1187      	BCF        PORTC, 3
;MyProject.c,70 :: 		yellowSouth = 1 ;
0x00DF	0x1607      	BSF        PORTC, 4
;MyProject.c,71 :: 		counter = 3 ;
0x00E0	0x3003      	MOVLW      3
0x00E1	0x00B6      	MOVWF      _counter
0x00E2	0x3000      	MOVLW      0
0x00E3	0x00B7      	MOVWF      _counter+1
;MyProject.c,72 :: 		while(counter>=0)
L_automaticMode13:
0x00E4	0x3080      	MOVLW      128
0x00E5	0x0637      	XORWF      _counter+1, 0
0x00E6	0x00F0      	MOVWF      R0
0x00E7	0x3080      	MOVLW      128
0x00E8	0x0270      	SUBWF      R0, 0
0x00E9	0x1D03      	BTFSS      STATUS, 2
0x00EA	0x28ED      	GOTO       L__automaticMode43
0x00EB	0x3000      	MOVLW      0
0x00EC	0x0236      	SUBWF      _counter, 0
L__automaticMode43:
0x00ED	0x1C03      	BTFSS      STATUS, 0
0x00EE	0x290E      	GOTO       L_automaticMode14
;MyProject.c,74 :: 		portb = display[counter-1];
0x00EF	0x3001      	MOVLW      1
0x00F0	0x0236      	SUBWF      _counter, 0
0x00F1	0x00F0      	MOVWF      R0
0x00F2	0x3000      	MOVLW      0
0x00F3	0x1C03      	BTFSS      STATUS, 0
0x00F4	0x3E01      	ADDLW      1
0x00F5	0x0237      	SUBWF      _counter+1, 0
0x00F6	0x00F1      	MOVWF      R0+1
0x00F7	0x0870      	MOVF       R0, 0
0x00F8	0x3E20      	ADDLW      _display
0x00F9	0x0084      	MOVWF      FSR
0x00FA	0x0800      	MOVF       INDF, 0
0x00FB	0x0086      	MOVWF      PORTB
;MyProject.c,75 :: 		delay_ms(350);
0x00FC	0x3004      	MOVLW      4
0x00FD	0x00FB      	MOVWF      R11
0x00FE	0x308E      	MOVLW      142
0x00FF	0x00FC      	MOVWF      R12
0x0100	0x3012      	MOVLW      18
0x0101	0x00FD      	MOVWF      R13
L_automaticMode15:
0x0102	0x0BFD      	DECFSZ     R13, 1
0x0103	0x2902      	GOTO       L_automaticMode15
0x0104	0x0BFC      	DECFSZ     R12, 1
0x0105	0x2902      	GOTO       L_automaticMode15
0x0106	0x0BFB      	DECFSZ     R11, 1
0x0107	0x2902      	GOTO       L_automaticMode15
0x0108	0x0000      	NOP
;MyProject.c,76 :: 		counter--;
0x0109	0x3001      	MOVLW      1
0x010A	0x02B6      	SUBWF      _counter, 1
0x010B	0x1C03      	BTFSS      STATUS, 0
0x010C	0x03B7      	DECF       _counter+1, 1
;MyProject.c,77 :: 		}
0x010D	0x28E4      	GOTO       L_automaticMode13
L_automaticMode14:
;MyProject.c,78 :: 		greenWest = redSouth = 1 ;
0x010E	0x1687      	BSF        PORTC, 5
0x010F	0x1A87      	BTFSC      PORTC, 5
0x0110	0x2913      	GOTO       L__automaticMode44
0x0111	0x1107      	BCF        PORTC, 2
0x0112	0x2914      	GOTO       L__automaticMode45
L__automaticMode44:
0x0113	0x1507      	BSF        PORTC, 2
L__automaticMode45:
;MyProject.c,79 :: 		yellowSouth = redWest = 0 ;
0x0114	0x1007      	BCF        PORTC, 0
0x0115	0x1807      	BTFSC      PORTC, 0
0x0116	0x2919      	GOTO       L__automaticMode46
0x0117	0x1207      	BCF        PORTC, 4
0x0118	0x291A      	GOTO       L__automaticMode47
L__automaticMode46:
0x0119	0x1607      	BSF        PORTC, 4
L__automaticMode47:
;MyProject.c,80 :: 		}
0x011A	0x2985      	GOTO       L_automaticMode16
L_automaticMode9:
;MyProject.c,83 :: 		counter = 20 ;
0x011B	0x3014      	MOVLW      20
0x011C	0x00B6      	MOVWF      _counter
0x011D	0x3000      	MOVLW      0
0x011E	0x00B7      	MOVWF      _counter+1
;MyProject.c,84 :: 		while(counter >= 0)
L_automaticMode17:
0x011F	0x3080      	MOVLW      128
0x0120	0x0637      	XORWF      _counter+1, 0
0x0121	0x00F0      	MOVWF      R0
0x0122	0x3080      	MOVLW      128
0x0123	0x0270      	SUBWF      R0, 0
0x0124	0x1D03      	BTFSS      STATUS, 2
0x0125	0x2928      	GOTO       L__automaticMode48
0x0126	0x3000      	MOVLW      0
0x0127	0x0236      	SUBWF      _counter, 0
L__automaticMode48:
0x0128	0x1C03      	BTFSS      STATUS, 0
0x0129	0x2949      	GOTO       L_automaticMode18
;MyProject.c,86 :: 		portb = display[counter-1];
0x012A	0x3001      	MOVLW      1
0x012B	0x0236      	SUBWF      _counter, 0
0x012C	0x00F0      	MOVWF      R0
0x012D	0x3000      	MOVLW      0
0x012E	0x1C03      	BTFSS      STATUS, 0
0x012F	0x3E01      	ADDLW      1
0x0130	0x0237      	SUBWF      _counter+1, 0
0x0131	0x00F1      	MOVWF      R0+1
0x0132	0x0870      	MOVF       R0, 0
0x0133	0x3E20      	ADDLW      _display
0x0134	0x0084      	MOVWF      FSR
0x0135	0x0800      	MOVF       INDF, 0
0x0136	0x0086      	MOVWF      PORTB
;MyProject.c,87 :: 		delay_ms(350);
0x0137	0x3004      	MOVLW      4
0x0138	0x00FB      	MOVWF      R11
0x0139	0x308E      	MOVLW      142
0x013A	0x00FC      	MOVWF      R12
0x013B	0x3012      	MOVLW      18
0x013C	0x00FD      	MOVWF      R13
L_automaticMode19:
0x013D	0x0BFD      	DECFSZ     R13, 1
0x013E	0x293D      	GOTO       L_automaticMode19
0x013F	0x0BFC      	DECFSZ     R12, 1
0x0140	0x293D      	GOTO       L_automaticMode19
0x0141	0x0BFB      	DECFSZ     R11, 1
0x0142	0x293D      	GOTO       L_automaticMode19
0x0143	0x0000      	NOP
;MyProject.c,88 :: 		counter--;
0x0144	0x3001      	MOVLW      1
0x0145	0x02B6      	SUBWF      _counter, 1
0x0146	0x1C03      	BTFSS      STATUS, 0
0x0147	0x03B7      	DECF       _counter+1, 1
;MyProject.c,89 :: 		}
0x0148	0x291F      	GOTO       L_automaticMode17
L_automaticMode18:
;MyProject.c,90 :: 		yellowWest = 1 ;
0x0149	0x1487      	BSF        PORTC, 1
;MyProject.c,91 :: 		greenWest = 0 ;
0x014A	0x1107      	BCF        PORTC, 2
;MyProject.c,92 :: 		counter = 3 ;
0x014B	0x3003      	MOVLW      3
0x014C	0x00B6      	MOVWF      _counter
0x014D	0x3000      	MOVLW      0
0x014E	0x00B7      	MOVWF      _counter+1
;MyProject.c,93 :: 		while(counter >= 0)
L_automaticMode20:
0x014F	0x3080      	MOVLW      128
0x0150	0x0637      	XORWF      _counter+1, 0
0x0151	0x00F0      	MOVWF      R0
0x0152	0x3080      	MOVLW      128
0x0153	0x0270      	SUBWF      R0, 0
0x0154	0x1D03      	BTFSS      STATUS, 2
0x0155	0x2958      	GOTO       L__automaticMode49
0x0156	0x3000      	MOVLW      0
0x0157	0x0236      	SUBWF      _counter, 0
L__automaticMode49:
0x0158	0x1C03      	BTFSS      STATUS, 0
0x0159	0x2979      	GOTO       L_automaticMode21
;MyProject.c,95 :: 		portb = display[counter-1];
0x015A	0x3001      	MOVLW      1
0x015B	0x0236      	SUBWF      _counter, 0
0x015C	0x00F0      	MOVWF      R0
0x015D	0x3000      	MOVLW      0
0x015E	0x1C03      	BTFSS      STATUS, 0
0x015F	0x3E01      	ADDLW      1
0x0160	0x0237      	SUBWF      _counter+1, 0
0x0161	0x00F1      	MOVWF      R0+1
0x0162	0x0870      	MOVF       R0, 0
0x0163	0x3E20      	ADDLW      _display
0x0164	0x0084      	MOVWF      FSR
0x0165	0x0800      	MOVF       INDF, 0
0x0166	0x0086      	MOVWF      PORTB
;MyProject.c,96 :: 		delay_ms(350);
0x0167	0x3004      	MOVLW      4
0x0168	0x00FB      	MOVWF      R11
0x0169	0x308E      	MOVLW      142
0x016A	0x00FC      	MOVWF      R12
0x016B	0x3012      	MOVLW      18
0x016C	0x00FD      	MOVWF      R13
L_automaticMode22:
0x016D	0x0BFD      	DECFSZ     R13, 1
0x016E	0x296D      	GOTO       L_automaticMode22
0x016F	0x0BFC      	DECFSZ     R12, 1
0x0170	0x296D      	GOTO       L_automaticMode22
0x0171	0x0BFB      	DECFSZ     R11, 1
0x0172	0x296D      	GOTO       L_automaticMode22
0x0173	0x0000      	NOP
;MyProject.c,97 :: 		counter--;
0x0174	0x3001      	MOVLW      1
0x0175	0x02B6      	SUBWF      _counter, 1
0x0176	0x1C03      	BTFSS      STATUS, 0
0x0177	0x03B7      	DECF       _counter+1, 1
;MyProject.c,98 :: 		}
0x0178	0x294F      	GOTO       L_automaticMode20
L_automaticMode21:
;MyProject.c,99 :: 		yellowWest = redSouth = 0 ;
0x0179	0x1287      	BCF        PORTC, 5
0x017A	0x1A87      	BTFSC      PORTC, 5
0x017B	0x297E      	GOTO       L__automaticMode50
0x017C	0x1087      	BCF        PORTC, 1
0x017D	0x297F      	GOTO       L__automaticMode51
L__automaticMode50:
0x017E	0x1487      	BSF        PORTC, 1
L__automaticMode51:
;MyProject.c,100 :: 		redWest = greenSouth = 1 ;
0x017F	0x1587      	BSF        PORTC, 3
0x0180	0x1987      	BTFSC      PORTC, 3
0x0181	0x2984      	GOTO       L__automaticMode52
0x0182	0x1007      	BCF        PORTC, 0
0x0183	0x2985      	GOTO       L__automaticMode53
L__automaticMode52:
0x0184	0x1407      	BSF        PORTC, 0
L__automaticMode53:
;MyProject.c,101 :: 		}
L_automaticMode16:
;MyProject.c,102 :: 		manualAutoCheck();
0x0185	0x208F      	CALL       _manualAutoCheck
;MyProject.c,103 :: 		}
L_end_automaticMode:
0x0186	0x0008      	RETURN
; end of _automaticMode
___CC2DW:
;__Lib_System.c,134 :: 		
;__Lib_System.c,137 :: 		
_CC2D_Loop1:
;__Lib_System.c,139 :: 		
0x0187	0x209F      	CALL       _____DoICP
0x0188	0x118A      	BCF        PCLATH, 3
0x0189	0x120A      	BCF        PCLATH, 4
;__Lib_System.c,141 :: 		
0x018A	0x0080      	MOVWF      INDF
;__Lib_System.c,142 :: 		
0x018B	0x0A84      	INCF       FSR, 1
;__Lib_System.c,143 :: 		
0x018C	0x0AB4      	INCF       ___DoICPAddr, 1
;__Lib_System.c,145 :: 		
0x018D	0x1903      	BTFSC      STATUS, 2
;__Lib_System.c,146 :: 		
0x018E	0x0AB5      	INCF       ___DoICPAddr+1, 1
;__Lib_System.c,147 :: 		
0x018F	0x03F0      	DECF       R0, 1
;__Lib_System.c,149 :: 		
0x0190	0x1D03      	BTFSS      STATUS, 2
;__Lib_System.c,150 :: 		
0x0191	0x2987      	GOTO       _CC2D_Loop1
;__Lib_System.c,152 :: 		
L_end___CC2DW:
0x0192	0x0008      	RETURN
; end of ___CC2DW
_main:
0x0193	0x3001      	MOVLW      1
0x0194	0x1283      	BCF        STATUS, 5
0x0195	0x1303      	BCF        STATUS, 6
0x0196	0x00A0      	MOVWF      _display
0x0197	0x3002      	MOVLW      2
0x0198	0x00A1      	MOVWF      33
0x0199	0x3003      	MOVLW      3
0x019A	0x00A2      	MOVWF      34
0x019B	0x3004      	MOVLW      4
0x019C	0x00A3      	MOVWF      35
0x019D	0x3005      	MOVLW      5
0x019E	0x00A4      	MOVWF      36
0x019F	0x3006      	MOVLW      6
0x01A0	0x00A5      	MOVWF      37
0x01A1	0x3007      	MOVLW      7
0x01A2	0x00A6      	MOVWF      38
0x01A3	0x3008      	MOVLW      8
0x01A4	0x00A7      	MOVWF      39
0x01A5	0x3009      	MOVLW      9
0x01A6	0x00A8      	MOVWF      40
0x01A7	0x3010      	MOVLW      16
0x01A8	0x00A9      	MOVWF      41
0x01A9	0x3011      	MOVLW      17
0x01AA	0x00AA      	MOVWF      42
0x01AB	0x3012      	MOVLW      18
0x01AC	0x00AB      	MOVWF      43
0x01AD	0x3013      	MOVLW      19
0x01AE	0x00AC      	MOVWF      44
0x01AF	0x3014      	MOVLW      20
0x01B0	0x00AD      	MOVWF      45
0x01B1	0x3015      	MOVLW      21
0x01B2	0x00AE      	MOVWF      46
0x01B3	0x3016      	MOVLW      22
0x01B4	0x00AF      	MOVWF      47
0x01B5	0x3017      	MOVLW      23
0x01B6	0x00B0      	MOVWF      48
0x01B7	0x3018      	MOVLW      24
0x01B8	0x00B1      	MOVWF      49
0x01B9	0x3019      	MOVLW      25
0x01BA	0x00B2      	MOVWF      50
0x01BB	0x3020      	MOVLW      32
0x01BC	0x00B3      	MOVWF      51
;MyProject.c,21 :: 		void main(){
;MyProject.c,22 :: 		ADCON1=0x07; //or ADCON1=0x06; for using PortA & PortE as Digital Pins
0x01BD	0x3007      	MOVLW      7
0x01BE	0x1683      	BSF        STATUS, 5
0x01BF	0x009F      	MOVWF      ADCON1
;MyProject.c,24 :: 		trisd = trisc = trisb = 0x00;
0x01C0	0x0186      	CLRF       TRISB
0x01C1	0x0806      	MOVF       TRISB, 0
0x01C2	0x0087      	MOVWF      TRISC
0x01C3	0x0807      	MOVF       TRISC, 0
0x01C4	0x0088      	MOVWF      TRISD
;MyProject.c,25 :: 		portd = portc = portb = 0  ;
0x01C5	0x1283      	BCF        STATUS, 5
0x01C6	0x0186      	CLRF       PORTB
0x01C7	0x0806      	MOVF       PORTB, 0
0x01C8	0x0087      	MOVWF      PORTC
0x01C9	0x0807      	MOVF       PORTC, 0
0x01CA	0x0088      	MOVWF      PORTD
;MyProject.c,26 :: 		redWest = 1 ;
0x01CB	0x1407      	BSF        PORTC, 0
;MyProject.c,27 :: 		greenSouth = 1 ;
0x01CC	0x1587      	BSF        PORTC, 3
;MyProject.c,29 :: 		trisA.b0 = trisA.b1 = 1;
0x01CD	0x1683      	BSF        STATUS, 5
0x01CE	0x1485      	BSF        TRISA, 1
0x01CF	0x1885      	BTFSC      TRISA, 1
0x01D0	0x29D3      	GOTO       L__main34
0x01D1	0x1005      	BCF        TRISA, 0
0x01D2	0x29D4      	GOTO       L__main35
L__main34:
0x01D3	0x1405      	BSF        TRISA, 0
L__main35:
;MyProject.c,32 :: 		while(1){ // count from 0 to 9 and repeat
L_main0:
;MyProject.c,33 :: 		if(autoFlag == 0)
0x01D4	0x1283      	BCF        STATUS, 5
0x01D5	0x1805      	BTFSC      PORTA, 0
0x01D6	0x29D9      	GOTO       L_main2
;MyProject.c,35 :: 		automaticMode();
0x01D7	0x20A6      	CALL       _automaticMode
;MyProject.c,36 :: 		}
0x01D8	0x29DC      	GOTO       L_main3
L_main2:
;MyProject.c,37 :: 		else if(manualFlag ==0)
0x01D9	0x1885      	BTFSC      PORTA, 1
0x01DA	0x29DC      	GOTO       L_main4
;MyProject.c,39 :: 		manualMode();
0x01DB	0x2003      	CALL       _manualMode
;MyProject.c,40 :: 		}
L_main4:
L_main3:
;MyProject.c,41 :: 		}
0x01DC	0x29D4      	GOTO       L_main0
;MyProject.c,42 :: 		}
L_end_main:
0x01DD	0x29DD      	GOTO       $+0
; end of _main
Symbol List:
//** Routines locations **
//ADDRESS    SIZE    PROCEDURE
//----------------------------------------------
0x0003     [140]    _manualMode
0x008F      [16]    _manualAutoCheck
0x009F       [7]    _____DoICP
0x00A6     [225]    _automaticMode
0x0187      [12]    ___CC2DW
0x0193      [75]    _main
//** Variables locations ** 
//ADDRESS    SIZE    VARIABLE
//----------------------------------------------
0x0000       [1]    INDF
0x0002       [1]    PCL
0x0003       [1]    STATUS
0x0004       [1]    FSR
0x0005       [1]    PORTA
0x0006       [1]    PORTB
0x0007       [1]    PORTC
0x0008       [1]    PORTD
0x000A       [1]    PCLATH
0x0020      [20]    _display
0x0034       [2]    ___DoICPAddr
0x0036       [2]    _counter
0x0070       [1]    R0
0x0071       [1]    R1
0x0072       [1]    R2
0x0073       [1]    R3
0x0074       [1]    R4
0x0075       [1]    R5
0x0076       [1]    R6
0x0077       [1]    R7
0x0078       [1]    R8
0x0079       [1]    R9
0x007A       [1]    R10
0x007B       [1]    R11
0x007C       [1]    R12
0x007D       [1]    R13
0x007E       [1]    R14
0x007F       [1]    R15
0x0085       [1]    TRISA
0x0086       [1]    TRISB
0x0087       [1]    TRISC
0x0088       [1]    TRISD
0x009F       [1]    ADCON1
//** Label List: ** 
//----------------------------------------------
  L_main0
  L_main1
  L_main2
  L_main3
  L_main4
  L_manualAutoCheck5
  L_manualAutoCheck6
  L_manualAutoCheck7
  L_manualAutoCheck8
  L_automaticMode9
  L_automaticMode10
  L_automaticMode11
  L_automaticMode12
  L_automaticMode13
  L_automaticMode14
  L_automaticMode15
  L_automaticMode16
  L_automaticMode17
  L_automaticMode18
  L_automaticMode19
  L_automaticMode20
  L_automaticMode21
  L_automaticMode22
  L_manualMode23
  L_manualMode24
  L_manualMode25
  L_manualMode26
  L_manualMode27
  L_manualMode28
  L_manualMode29
  L_manualMode30
  L_manualMode31
  L__manualAutoCheck32
  L_end_main
  _main
  L__main34
  L__main35
  L_end_manualAutoCheck
  _manualAutoCheck
  L__manualAutoCheck37
  L__manualAutoCheck38
  L_end_automaticMode
  _automaticMode
  L__automaticMode40
  L__automaticMode41
  L__automaticMode42
  L__automaticMode43
  L__automaticMode44
  L__automaticMode45
  L__automaticMode46
  L__automaticMode47
  L__automaticMode48
  L__automaticMode49
  L__automaticMode50
  L__automaticMode51
  L__automaticMode52
  L__automaticMode53
  L_end_manualMode
  _manualMode
  L__manualMode55
  L__manualMode56
  L__manualMode57
  L__manualMode58
  L__manualMode59
  L__manualMode60
  L__manualMode61
  L__manualMode62
  L__manualMode63
  L__manualMode64
  L__manualMode65
  L__manualMode66
  L__manualMode67
  L__manualMode68
  L_loopCA2AWs
  L_CA2AWend
  _CCA2AW_Loop1
  L_loopCS2Ss
  L_CS2Send
  _CCS2S_Loop1
  L_CCS2Send
  L_loopFZinSWs
  L_FZinSend
  _CC2D_Loop1
  L_end_____DoICP
  _____DoICP
  L_end_____DoIFC
  _____DoIFC
  L_end___CA2AW
  ___CA2AW
  L_end___CCA2AW
  ___CCA2AW
  L_end___CS2S
  ___CS2S
  L_end___CCS2S
  ___CCS2S
  L_end___FZinS
  ___FZinS
  L_end___CC2DW
  ___CC2DW
  L_end_Swap
  _Swap
